<?xml version="1.0" encoding="UTF-8"?>
<!-- Generated by org.testng.reporters.JUnitXMLReporter -->
<testsuite ignored="2" hostname="Klaus" failures="1" tests="2" name="Test" time="156.513" errors="0" timestamp="2022-07-27T11:08:37 IST">
  <testcase classname="org.vtiger.campaigns.CreateCampainTestngTest" name="createCampainTestngTest" time="12.493">
    <failure type="org.openqa.selenium.ElementNotInteractableException" message="element not interactable
  (Session info: chrome=103.0.5060.134)
Build info: version: &amp;apos;4.2.2&amp;apos;, revision: &amp;apos;683ccb65d6&amp;apos;
System info: host: &amp;apos;KLAUS&amp;apos;, ip: &amp;apos;192.168.191.7&amp;apos;, os.name: &amp;apos;Windows 10&amp;apos;, os.arch: &amp;apos;amd64&amp;apos;, os.version: &amp;apos;10.0&amp;apos;, java.version: &amp;apos;16.0.1&amp;apos;
Driver info: org.openqa.selenium.chrome.ChromeDriver
Command: [93898928550510ffd748dcccb681c4c9, clickElement {id=2d0a6976-c7a0-4eab-b06a-9f563d5e65c9}]
Capabilities {acceptInsecureCerts: false, browserName: chrome, browserVersion: 103.0.5060.134, chrome: {chromedriverVersion: 103.0.5060.134 (8ec6fce403b..., userDataDir: C:\Users\avula\AppData\Loca...}, goog:chromeOptions: {debuggerAddress: localhost:55346}, networkConnectionEnabled: false, pageLoadStrategy: normal, platformName: WINDOWS, proxy: Proxy(), se:cdp: ws://localhost:55346/devtoo..., se:cdpVersion: 103.0.5060.134, setWindowRect: true, strictFileInteractability: false, timeouts: {implicit: 0, pageLoad: 300000, script: 30000}, unhandledPromptBehavior: dismiss and notify, webauthn:extension:credBlob: true, webauthn:extension:largeBlob: true, webauthn:virtualAuthenticators: true}
Element: [[ChromeDriver: chrome on WINDOWS (93898928550510ffd748dcccb681c4c9)] -&amp;gt; xpath: //a[text()=&amp;apos;Campaigns&amp;apos;]]
Session ID: 93898928550510ffd748dcccb681c4c9">
      <![CDATA[org.openqa.selenium.ElementNotInteractableException: element not interactable
  (Session info: chrome=103.0.5060.134)
Build info: version: '4.2.2', revision: '683ccb65d6'
System info: host: 'KLAUS', ip: '192.168.191.7', os.name: 'Windows 10', os.arch: 'amd64', os.version: '10.0', java.version: '16.0.1'
Driver info: org.openqa.selenium.chrome.ChromeDriver
Command: [93898928550510ffd748dcccb681c4c9, clickElement {id=2d0a6976-c7a0-4eab-b06a-9f563d5e65c9}]
Capabilities {acceptInsecureCerts: false, browserName: chrome, browserVersion: 103.0.5060.134, chrome: {chromedriverVersion: 103.0.5060.134 (8ec6fce403b..., userDataDir: C:\Users\avula\AppData\Loca...}, goog:chromeOptions: {debuggerAddress: localhost:55346}, networkConnectionEnabled: false, pageLoadStrategy: normal, platformName: WINDOWS, proxy: Proxy(), se:cdp: ws://localhost:55346/devtoo..., se:cdpVersion: 103.0.5060.134, setWindowRect: true, strictFileInteractability: false, timeouts: {implicit: 0, pageLoad: 300000, script: 30000}, unhandledPromptBehavior: dismiss and notify, webauthn:extension:credBlob: true, webauthn:extension:largeBlob: true, webauthn:virtualAuthenticators: true}
Element: [[ChromeDriver: chrome on WINDOWS (93898928550510ffd748dcccb681c4c9)] -> xpath: //a[text()='Campaigns']]
Session ID: 93898928550510ffd748dcccb681c4c9
at org.openqa.selenium.remote.codec.w3c.W3CHttpResponseCodec.createException(W3CHttpResponseCodec.java:200)
at org.openqa.selenium.remote.codec.w3c.W3CHttpResponseCodec.decode(W3CHttpResponseCodec.java:133)
at org.openqa.selenium.remote.codec.w3c.W3CHttpResponseCodec.decode(W3CHttpResponseCodec.java:53)
at org.openqa.selenium.remote.HttpCommandExecutor.execute(HttpCommandExecutor.java:184)
at org.openqa.selenium.remote.service.DriverCommandExecutor.invokeExecute(DriverCommandExecutor.java:167)
at org.openqa.selenium.remote.service.DriverCommandExecutor.execute(DriverCommandExecutor.java:142)
at org.openqa.selenium.remote.RemoteWebDriver.execute(RemoteWebDriver.java:588)
at org.openqa.selenium.remote.RemoteWebElement.execute(RemoteWebElement.java:257)
at org.openqa.selenium.remote.RemoteWebElement.click(RemoteWebElement.java:78)
at org.openqa.selenium.support.pagefactory.internal.LocatingElementHandler.invoke(LocatingElementHandler.java:52)
at jdk.proxy2/jdk.proxy2.$Proxy20.click(Unknown Source)
at org.vtiger.ObjectRepository.CampaignPage.setClickOnCampaign(CampaignPage.java:44)
at org.vtiger.campaigns.CreateCampainTestngTest.createCampainTestngTest(CreateCampainTestngTest.java:13)
at java.base/java.util.concurrent.ThreadPoolExecutor.runWorker(ThreadPoolExecutor.java:1130)
at java.base/java.util.concurrent.ThreadPoolExecutor$Worker.run(ThreadPoolExecutor.java:630)
at java.base/java.lang.Thread.run(Thread.java:831)
... Removed 21 stack frames]]>
    </failure>
  </testcase> <!-- createCampainTestngTest -->
  <testcase classname="org.vtiger.contacts.CreateContactTestNgTest" name="createContactTest" time="74.825"/>
  <testcase classname="org.vtiger.generictestng.BaseClass" name="@BeforeSuite genericUtilityTest" time="0.0">
    <ignored/>
  </testcase> <!-- @BeforeSuite genericUtilityTest -->
  <testcase classname="org.vtiger.generictestng.BaseClass" name="@AfterSuite suiteteardown" time="0.0">
    <ignored/>
  </testcase> <!-- @AfterSuite suiteteardown -->
</testsuite> <!-- Test -->
