<?xml version="1.0" encoding="UTF-8"?>
<!-- Generated by org.testng.reporters.JUnitXMLReporter -->
<testsuite ignored="0" hostname="Klaus" failures="0" tests="1" name="Test2" time="16.713" errors="0" timestamp="2022-07-29T15:30:50 IST">
  <testcase classname="org.vtiger.generictestng.BaseClass" name="@BeforeClass setupBrowser" time="16.421">
    <failure type="java.lang.IllegalStateException" message="The path to the driver executable The path to the driver executable must be set by the webdriver.chrome.driver system property; for more information, see https://github.com/SeleniumHQ/selenium/wiki/ChromeDriver. The latest version can be downloaded from https://chromedriver.storage.googleapis.com/index.html">
      <![CDATA[java.lang.IllegalStateException: The path to the driver executable The path to the driver executable must be set by the webdriver.chrome.driver system property; for more information, see https://github.com/SeleniumHQ/selenium/wiki/ChromeDriver. The latest version can be downloaded from https://chromedriver.storage.googleapis.com/index.html
at org.openqa.selenium.internal.Require$StateChecker.nonNull(Require.java:311)
at org.openqa.selenium.remote.service.DriverService.findExecutable(DriverService.java:135)
at org.openqa.selenium.chrome.ChromeDriverService.access$000(ChromeDriverService.java:38)
at org.openqa.selenium.chrome.ChromeDriverService$Builder.findDefaultExecutable(ChromeDriverService.java:231)
at org.openqa.selenium.remote.service.DriverService$Builder.build(DriverService.java:437)
at org.openqa.selenium.chrome.ChromeDriverService.createDefaultService(ChromeDriverService.java:127)
at org.openqa.selenium.chrome.ChromeDriver.<init>(ChromeDriver.java:48)
at org.vtiger.genericUtility.seleniumWebDriverUtility.setUpDriver(seleniumWebDriverUtility.java:44)
at org.vtiger.generictestng.BaseClass.setupBrowser(BaseClass.java:50)
at java.base/java.util.ArrayList.forEach(ArrayList.java:1511)
at java.base/java.util.concurrent.FutureTask.run(FutureTask.java:264)
at java.base/java.util.concurrent.ThreadPoolExecutor.runWorker(ThreadPoolExecutor.java:1130)
at java.base/java.util.concurrent.ThreadPoolExecutor$Worker.run(ThreadPoolExecutor.java:630)
at java.base/java.lang.Thread.run(Thread.java:831)
... Removed 16 stack frames]]>
    </failure>
  </testcase> <!-- @BeforeClass setupBrowser -->
  <testcase classname="org.vtiger.generictestng.BaseClass" name="@BeforeMethod loginTest" time="-1.659088850665E9">
    <skipped/>
  </testcase> <!-- @BeforeMethod loginTest -->
  <testcase classname="org.vtiger.generictestng.BaseClass" name="@AfterMethod LogoutTest" time="-1.659088850753E9">
    <skipped/>
  </testcase> <!-- @AfterMethod LogoutTest -->
  <testcase classname="org.vtiger.generictestng.BaseClass" name="@AfterClass closeBrowser" time="-1.65908885078E9">
    <skipped/>
  </testcase> <!-- @AfterClass closeBrowser -->
  <testcase classname="org.vtiger.campaigns.CreateCampainTestngTest" name="createCampainTestngTest" time="0.0">
    <skipped/>
  </testcase> <!-- createCampainTestngTest -->
</testsuite> <!-- Test2 -->
